This file contains any messages produced by compilers while
running configure, to aid debugging if configure makes a mistake.

It was created by WordNet configure 3.0, which was
generated by GNU Autoconf 2.59.  Invocation command line was

  $ ./configure CFLAGS=-I/usr/X11R6/include -L/usr/X11R6/lib -lX11 -fpermissive CC=/usr/bin/gcc

## --------- ##
## Platform. ##
## --------- ##

hostname = Jacobs-MacBook-Pro.local
uname -m = x86_64
uname -r = 15.5.0
uname -s = Darwin
uname -v = Darwin Kernel Version 15.5.0: Tue Apr 19 18:36:36 PDT 2016; root:xnu-3248.50.21~8/RELEASE_X86_64

/usr/bin/uname -p = i386
/bin/uname -X     = unknown

/bin/arch              = unknown
/usr/bin/arch -k       = unknown
/usr/convex/getsysinfo = unknown
hostinfo               = Mach kernel version:
	 Darwin Kernel Version 15.5.0: Tue Apr 19 18:36:36 PDT 2016; root:xnu-3248.50.21~8/RELEASE_X86_64
Kernel configured for up to 8 processors.
4 processors are physically available.
8 processors are logically available.
Processor type: x86_64h (Intel x86-64h Haswell)
Processors active: 0 1 2 3 4 5 6 7
Primary memory available: 16.00 gigabytes
Default processor set: 328 tasks, 2092 threads, 8 processors
Load average: 2.02, Mach factor: 5.96
/bin/machine           = unknown
/usr/bin/oslevel       = unknown
/bin/universe          = unknown

PATH: /Library/Frameworks/Python.framework/Versions/3.5/bin
PATH: /Users/Jacob/anaconda/bin
PATH: /Library/Frameworks/Python.framework/Versions/2.7/bin
PATH: /usr/local/bin
PATH: /usr/bin
PATH: /bin
PATH: /usr/sbin
PATH: /sbin
PATH: /opt/X11/bin
PATH: /usr/local/mysql/bin


## ----------- ##
## Core tests. ##
## ----------- ##

configure:1371: checking for gcc
configure:1397: result: /usr/bin/gcc
configure:1641: checking for C compiler version
configure:1644: /usr/bin/gcc --version </dev/null >&5
Configured with: --prefix=/Applications/Xcode.app/Contents/Developer/usr --with-gxx-include-dir=/Applications/Xcode.app/Contents/Developer/Platforms/MacOSX.platform/Developer/SDKs/MacOSX10.11.sdk/usr/include/c++/4.2.1
Apple LLVM version 7.3.0 (clang-703.0.31)
Target: x86_64-apple-darwin15.5.0
Thread model: posix
InstalledDir: /Applications/Xcode.app/Contents/Developer/Toolchains/XcodeDefault.xctoolchain/usr/bin
configure:1647: $? = 0
configure:1649: /usr/bin/gcc -v </dev/null >&5
Configured with: --prefix=/Applications/Xcode.app/Contents/Developer/usr --with-gxx-include-dir=/Applications/Xcode.app/Contents/Developer/Platforms/MacOSX.platform/Developer/SDKs/MacOSX10.11.sdk/usr/include/c++/4.2.1
Apple LLVM version 7.3.0 (clang-703.0.31)
Target: x86_64-apple-darwin15.5.0
Thread model: posix
InstalledDir: /Applications/Xcode.app/Contents/Developer/Toolchains/XcodeDefault.xctoolchain/usr/bin
configure:1652: $? = 0
configure:1654: /usr/bin/gcc -V </dev/null >&5
clang: error: argument to '-V' is missing (expected 1 value)
clang: error: no input files
configure:1657: $? = 1
configure:1680: checking for C compiler default output file name
configure:1683: /usr/bin/gcc -I/usr/X11R6/include -L/usr/X11R6/lib -lX11 -fpermissive   conftest.c  >&5
configure:1686: $? = 0
configure:1732: result: a.out
configure:1737: checking whether the C compiler works
configure:1743: ./a.out
configure:1746: $? = 0
configure:1763: result: yes
configure:1770: checking whether we are cross compiling
configure:1772: result: no
configure:1775: checking for suffix of executables
configure:1777: /usr/bin/gcc -o conftest -I/usr/X11R6/include -L/usr/X11R6/lib -lX11 -fpermissive   conftest.c  >&5
configure:1780: $? = 0
configure:1805: result: 
configure:1811: checking for suffix of object files
configure:1832: /usr/bin/gcc -c -I/usr/X11R6/include -L/usr/X11R6/lib -lX11 -fpermissive  conftest.c >&5
clang: warning: -lX11: 'linker' input unused
clang: warning: argument unused during compilation: '-L/usr/X11R6/lib'
configure:1835: $? = 0
configure:1857: result: o
configure:1861: checking whether we are using the GNU C compiler
configure:1885: /usr/bin/gcc -c -I/usr/X11R6/include -L/usr/X11R6/lib -lX11 -fpermissive  conftest.c >&5
clang: warning: -lX11: 'linker' input unused
clang: warning: argument unused during compilation: '-L/usr/X11R6/lib'
configure:1891: $? = 0
configure:1895: test -z 
			 || test ! -s conftest.err
configure:1898: $? = 0
configure:1901: test -s conftest.o
configure:1904: $? = 0
configure:1917: result: yes
configure:1923: checking whether /usr/bin/gcc accepts -g
configure:1944: /usr/bin/gcc -c -g  conftest.c >&5
configure:1950: $? = 0
configure:1954: test -z 
			 || test ! -s conftest.err
configure:1957: $? = 0
configure:1960: test -s conftest.o
configure:1963: $? = 0
configure:1974: result: yes
configure:1991: checking for /usr/bin/gcc option to accept ANSI C
configure:2061: /usr/bin/gcc  -c -I/usr/X11R6/include -L/usr/X11R6/lib -lX11 -fpermissive  conftest.c >&5
clang: warning: -lX11: 'linker' input unused
clang: warning: argument unused during compilation: '-L/usr/X11R6/lib'
configure:2067: $? = 0
configure:2071: test -z 
			 || test ! -s conftest.err
configure:2074: $? = 0
configure:2077: test -s conftest.o
configure:2080: $? = 0
configure:2098: result: none needed
configure:2116: /usr/bin/gcc -c -I/usr/X11R6/include -L/usr/X11R6/lib -lX11 -fpermissive  conftest.c >&5
clang: warning: -lX11: 'linker' input unused
clang: warning: argument unused during compilation: '-L/usr/X11R6/lib'
conftest.c:2:3: error: unknown type name 'choke'
  choke me
  ^
conftest.c:2:11: error: expected ';' after top level declarator
  choke me
          ^
          ;
2 errors generated.
configure:2122: $? = 1
configure: failed program was:
| #ifndef __cplusplus
|   choke me
| #endif
configure:2296: checking for ranlib
configure:2312: found /usr/bin/ranlib
configure:2323: result: ranlib
configure:2373: checking for a BSD-compatible install
configure:2428: result: /usr/bin/install -c
configure:2447: checking how to run the C preprocessor
configure:2482: /usr/bin/gcc -E  conftest.c
configure:2488: $? = 0
configure:2520: /usr/bin/gcc -E  conftest.c
conftest.c:9:10: fatal error: 'ac_nonexistent.h' file not found
#include <ac_nonexistent.h>
         ^
1 error generated.
configure:2526: $? = 1
configure: failed program was:
| /* confdefs.h.  */
| 
| #define PACKAGE_NAME "WordNet"
| #define PACKAGE_TARNAME "wordnet"
| #define PACKAGE_VERSION "3.0"
| #define PACKAGE_STRING "WordNet 3.0"
| #define PACKAGE_BUGREPORT "wordnet@princeton.edu"
| /* end confdefs.h.  */
| #include <ac_nonexistent.h>
configure:2565: result: /usr/bin/gcc -E
configure:2589: /usr/bin/gcc -E  conftest.c
configure:2595: $? = 0
configure:2627: /usr/bin/gcc -E  conftest.c
conftest.c:9:10: fatal error: 'ac_nonexistent.h' file not found
#include <ac_nonexistent.h>
         ^
1 error generated.
configure:2633: $? = 1
configure: failed program was:
| /* confdefs.h.  */
| 
| #define PACKAGE_NAME "WordNet"
| #define PACKAGE_TARNAME "wordnet"
| #define PACKAGE_VERSION "3.0"
| #define PACKAGE_STRING "WordNet 3.0"
| #define PACKAGE_BUGREPORT "wordnet@princeton.edu"
| /* end confdefs.h.  */
| #include <ac_nonexistent.h>
configure:2677: checking for egrep
configure:2687: result: grep -E
configure:2692: checking for ANSI C header files
configure:2717: /usr/bin/gcc -c -I/usr/X11R6/include -L/usr/X11R6/lib -lX11 -fpermissive  conftest.c >&5
clang: warning: -lX11: 'linker' input unused
clang: warning: argument unused during compilation: '-L/usr/X11R6/lib'
configure:2723: $? = 0
configure:2727: test -z 
			 || test ! -s conftest.err
configure:2730: $? = 0
configure:2733: test -s conftest.o
configure:2736: $? = 0
configure:2825: /usr/bin/gcc -o conftest -I/usr/X11R6/include -L/usr/X11R6/lib -lX11 -fpermissive   conftest.c  >&5
conftest.c:26:7: warning: implicitly declaring library function 'exit' with type 'void (int) __attribute__((noreturn))' [-Wimplicit-function-declaration]
      exit(2);
      ^
conftest.c:26:7: note: include the header <stdlib.h> or explicitly provide a declaration for 'exit'
1 warning generated.
configure:2828: $? = 0
configure:2830: ./conftest
configure:2833: $? = 0
configure:2848: result: yes
configure:2872: checking for sys/types.h
configure:2888: /usr/bin/gcc -c -I/usr/X11R6/include -L/usr/X11R6/lib -lX11 -fpermissive  conftest.c >&5
clang: warning: -lX11: 'linker' input unused
clang: warning: argument unused during compilation: '-L/usr/X11R6/lib'
configure:2894: $? = 0
configure:2898: test -z 
			 || test ! -s conftest.err
configure:2901: $? = 0
configure:2904: test -s conftest.o
configure:2907: $? = 0
configure:2918: result: yes
configure:2872: checking for sys/stat.h
configure:2888: /usr/bin/gcc -c -I/usr/X11R6/include -L/usr/X11R6/lib -lX11 -fpermissive  conftest.c >&5
clang: warning: -lX11: 'linker' input unused
clang: warning: argument unused during compilation: '-L/usr/X11R6/lib'
configure:2894: $? = 0
configure:2898: test -z 
			 || test ! -s conftest.err
configure:2901: $? = 0
configure:2904: test -s conftest.o
configure:2907: $? = 0
configure:2918: result: yes
configure:2872: checking for stdlib.h
configure:2888: /usr/bin/gcc -c -I/usr/X11R6/include -L/usr/X11R6/lib -lX11 -fpermissive  conftest.c >&5
clang: warning: -lX11: 'linker' input unused
clang: warning: argument unused during compilation: '-L/usr/X11R6/lib'
configure:2894: $? = 0
configure:2898: test -z 
			 || test ! -s conftest.err
configure:2901: $? = 0
configure:2904: test -s conftest.o
configure:2907: $? = 0
configure:2918: result: yes
configure:2872: checking for string.h
configure:2888: /usr/bin/gcc -c -I/usr/X11R6/include -L/usr/X11R6/lib -lX11 -fpermissive  conftest.c >&5
clang: warning: -lX11: 'linker' input unused
clang: warning: argument unused during compilation: '-L/usr/X11R6/lib'
configure:2894: $? = 0
configure:2898: test -z 
			 || test ! -s conftest.err
configure:2901: $? = 0
configure:2904: test -s conftest.o
configure:2907: $? = 0
configure:2918: result: yes
configure:2872: checking for memory.h
configure:2888: /usr/bin/gcc -c -I/usr/X11R6/include -L/usr/X11R6/lib -lX11 -fpermissive  conftest.c >&5
clang: warning: -lX11: 'linker' input unused
clang: warning: argument unused during compilation: '-L/usr/X11R6/lib'
configure:2894: $? = 0
configure:2898: test -z 
			 || test ! -s conftest.err
configure:2901: $? = 0
configure:2904: test -s conftest.o
configure:2907: $? = 0
configure:2918: result: yes
configure:2872: checking for strings.h
configure:2888: /usr/bin/gcc -c -I/usr/X11R6/include -L/usr/X11R6/lib -lX11 -fpermissive  conftest.c >&5
clang: warning: -lX11: 'linker' input unused
clang: warning: argument unused during compilation: '-L/usr/X11R6/lib'
configure:2894: $? = 0
configure:2898: test -z 
			 || test ! -s conftest.err
configure:2901: $? = 0
configure:2904: test -s conftest.o
configure:2907: $? = 0
configure:2918: result: yes
configure:2872: checking for inttypes.h
configure:2888: /usr/bin/gcc -c -I/usr/X11R6/include -L/usr/X11R6/lib -lX11 -fpermissive  conftest.c >&5
clang: warning: -lX11: 'linker' input unused
clang: warning: argument unused during compilation: '-L/usr/X11R6/lib'
configure:2894: $? = 0
configure:2898: test -z 
			 || test ! -s conftest.err
configure:2901: $? = 0
configure:2904: test -s conftest.o
configure:2907: $? = 0
configure:2918: result: yes
configure:2872: checking for stdint.h
configure:2888: /usr/bin/gcc -c -I/usr/X11R6/include -L/usr/X11R6/lib -lX11 -fpermissive  conftest.c >&5
clang: warning: -lX11: 'linker' input unused
clang: warning: argument unused during compilation: '-L/usr/X11R6/lib'
configure:2894: $? = 0
configure:2898: test -z 
			 || test ! -s conftest.err
configure:2901: $? = 0
configure:2904: test -s conftest.o
configure:2907: $? = 0
configure:2918: result: yes
configure:2872: checking for unistd.h
configure:2888: /usr/bin/gcc -c -I/usr/X11R6/include -L/usr/X11R6/lib -lX11 -fpermissive  conftest.c >&5
clang: warning: -lX11: 'linker' input unused
clang: warning: argument unused during compilation: '-L/usr/X11R6/lib'
configure:2894: $? = 0
configure:2898: test -z 
			 || test ! -s conftest.err
configure:2901: $? = 0
configure:2904: test -s conftest.o
configure:2907: $? = 0
configure:2918: result: yes
configure:2947: checking locale.h usability
configure:2959: /usr/bin/gcc -c -I/usr/X11R6/include -L/usr/X11R6/lib -lX11 -fpermissive  conftest.c >&5
clang: warning: -lX11: 'linker' input unused
clang: warning: argument unused during compilation: '-L/usr/X11R6/lib'
configure:2965: $? = 0
configure:2969: test -z 
			 || test ! -s conftest.err
configure:2972: $? = 0
configure:2975: test -s conftest.o
configure:2978: $? = 0
configure:2988: result: yes
configure:2992: checking locale.h presence
configure:3002: /usr/bin/gcc -E  conftest.c
configure:3008: $? = 0
configure:3028: result: yes
configure:3063: checking for locale.h
configure:3070: result: yes
configure:2947: checking malloc.h usability
configure:2959: /usr/bin/gcc -c -I/usr/X11R6/include -L/usr/X11R6/lib -lX11 -fpermissive  conftest.c >&5
clang: warning: -lX11: 'linker' input unused
clang: warning: argument unused during compilation: '-L/usr/X11R6/lib'
conftest.c:54:10: fatal error: 'malloc.h' file not found
#include <malloc.h>
         ^
1 error generated.
configure:2965: $? = 1
configure: failed program was:
| /* confdefs.h.  */
| 
| #define PACKAGE_NAME "WordNet"
| #define PACKAGE_TARNAME "wordnet"
| #define PACKAGE_VERSION "3.0"
| #define PACKAGE_STRING "WordNet 3.0"
| #define PACKAGE_BUGREPORT "wordnet@princeton.edu"
| #define STDC_HEADERS 1
| #define HAVE_SYS_TYPES_H 1
| #define HAVE_SYS_STAT_H 1
| #define HAVE_STDLIB_H 1
| #define HAVE_STRING_H 1
| #define HAVE_MEMORY_H 1
| #define HAVE_STRINGS_H 1
| #define HAVE_INTTYPES_H 1
| #define HAVE_STDINT_H 1
| #define HAVE_UNISTD_H 1
| #define HAVE_LOCALE_H 1
| /* end confdefs.h.  */
| #include <stdio.h>
| #if HAVE_SYS_TYPES_H
| # include <sys/types.h>
| #endif
| #if HAVE_SYS_STAT_H
| # include <sys/stat.h>
| #endif
| #if STDC_HEADERS
| # include <stdlib.h>
| # include <stddef.h>
| #else
| # if HAVE_STDLIB_H
| #  include <stdlib.h>
| # endif
| #endif
| #if HAVE_STRING_H
| # if !STDC_HEADERS && HAVE_MEMORY_H
| #  include <memory.h>
| # endif
| # include <string.h>
| #endif
| #if HAVE_STRINGS_H
| # include <strings.h>
| #endif
| #if HAVE_INTTYPES_H
| # include <inttypes.h>
| #else
| # if HAVE_STDINT_H
| #  include <stdint.h>
| # endif
| #endif
| #if HAVE_UNISTD_H
| # include <unistd.h>
| #endif
| #include <malloc.h>
configure:2988: result: no
configure:2992: checking malloc.h presence
configure:3002: /usr/bin/gcc -E  conftest.c
conftest.c:20:10: fatal error: 'malloc.h' file not found
#include <malloc.h>
         ^
1 error generated.
configure:3008: $? = 1
configure: failed program was:
| /* confdefs.h.  */
| 
| #define PACKAGE_NAME "WordNet"
| #define PACKAGE_TARNAME "wordnet"
| #define PACKAGE_VERSION "3.0"
| #define PACKAGE_STRING "WordNet 3.0"
| #define PACKAGE_BUGREPORT "wordnet@princeton.edu"
| #define STDC_HEADERS 1
| #define HAVE_SYS_TYPES_H 1
| #define HAVE_SYS_STAT_H 1
| #define HAVE_STDLIB_H 1
| #define HAVE_STRING_H 1
| #define HAVE_MEMORY_H 1
| #define HAVE_STRINGS_H 1
| #define HAVE_INTTYPES_H 1
| #define HAVE_STDINT_H 1
| #define HAVE_UNISTD_H 1
| #define HAVE_LOCALE_H 1
| /* end confdefs.h.  */
| #include <malloc.h>
configure:3028: result: no
configure:3063: checking for malloc.h
configure:3070: result: no
configure:2938: checking for stdlib.h
configure:2943: result: yes
configure:2938: checking for string.h
configure:2943: result: yes
configure:3092: checking for stdlib.h
configure:3097: result: yes
configure:3237: checking for GNU libc compatible malloc
configure:3266: /usr/bin/gcc -o conftest -I/usr/X11R6/include -L/usr/X11R6/lib -lX11 -fpermissive   conftest.c  >&5
configure:3269: $? = 0
configure:3271: ./conftest
configure:3274: $? = 0
configure:3288: result: yes
configure:3326: checking for strchr
configure:3383: /usr/bin/gcc -o conftest -I/usr/X11R6/include -L/usr/X11R6/lib -lX11 -fpermissive   conftest.c  >&5
conftest.c:48:6: warning: incompatible redeclaration of library function 'strchr' [-Wincompatible-library-redeclaration]
char strchr ();
     ^
conftest.c:48:6: note: 'strchr' is a builtin with type 'char *(const char *, int)'
1 warning generated.
configure:3389: $? = 0
configure:3393: test -z 
			 || test ! -s conftest.err
configure:3396: $? = 0
configure:3399: test -s conftest
configure:3402: $? = 0
configure:3414: result: yes
configure:3326: checking for strdup
configure:3383: /usr/bin/gcc -o conftest -I/usr/X11R6/include -L/usr/X11R6/lib -lX11 -fpermissive   conftest.c  >&5
conftest.c:49:6: warning: incompatible redeclaration of library function 'strdup' [-Wincompatible-library-redeclaration]
char strdup ();
     ^
conftest.c:49:6: note: 'strdup' is a builtin with type 'char *(const char *)'
1 warning generated.
configure:3389: $? = 0
configure:3393: test -z 
			 || test ! -s conftest.err
configure:3396: $? = 0
configure:3399: test -s conftest
configure:3402: $? = 0
configure:3414: result: yes
configure:3326: checking for strrchr
configure:3383: /usr/bin/gcc -o conftest -I/usr/X11R6/include -L/usr/X11R6/lib -lX11 -fpermissive   conftest.c  >&5
conftest.c:50:6: warning: incompatible redeclaration of library function 'strrchr' [-Wincompatible-library-redeclaration]
char strrchr ();
     ^
conftest.c:50:6: note: 'strrchr' is a builtin with type 'char *(const char *, int)'
1 warning generated.
configure:3389: $? = 0
configure:3393: test -z 
			 || test ! -s conftest.err
configure:3396: $? = 0
configure:3399: test -s conftest
configure:3402: $? = 0
configure:3414: result: yes
configure:3326: checking for strstr
configure:3383: /usr/bin/gcc -o conftest -I/usr/X11R6/include -L/usr/X11R6/lib -lX11 -fpermissive   conftest.c  >&5
conftest.c:51:6: warning: incompatible redeclaration of library function 'strstr' [-Wincompatible-library-redeclaration]
char strstr ();
     ^
conftest.c:51:6: note: 'strstr' is a builtin with type 'char *(const char *, const char *)'
1 warning generated.
configure:3389: $? = 0
configure:3393: test -z 
			 || test ! -s conftest.err
configure:3396: $? = 0
configure:3399: test -s conftest
configure:3402: $? = 0
configure:3414: result: yes
configure:3326: checking for strtol
configure:3383: /usr/bin/gcc -o conftest -I/usr/X11R6/include -L/usr/X11R6/lib -lX11 -fpermissive   conftest.c  >&5
configure:3389: $? = 0
configure:3393: test -z 
			 || test ! -s conftest.err
configure:3396: $? = 0
configure:3399: test -s conftest
configure:3402: $? = 0
configure:3414: result: yes
configure:3428: checking for nl_langinfo and CODESET
configure:3449: /usr/bin/gcc -o conftest -I/usr/X11R6/include -L/usr/X11R6/lib -lX11 -fpermissive   conftest.c  >&5
configure:3455: $? = 0
configure:3459: test -z 
			 || test ! -s conftest.err
configure:3462: $? = 0
configure:3465: test -s conftest
configure:3468: $? = 0
configure:3481: result: yes
configure:3493: checking whether build environment is sane
configure:3536: result: yes
configure:3601: checking for gawk
configure:3630: result: no
configure:3601: checking for mawk
configure:3630: result: no
configure:3601: checking for nawk
configure:3630: result: no
configure:3601: checking for awk
configure:3617: found /usr/bin/awk
configure:3627: result: awk
configure:3637: checking whether make sets $(MAKE)
configure:3657: result: yes
configure:3687: checking for style of include used by make
configure:3715: result: GNU
configure:3891: checking dependency style of /usr/bin/gcc
configure:3981: result: gcc3
configure:4016: checking for Tcl configuration
configure:4090: WARNING: Can't find Tcl configuration definitions

## ---------------- ##
## Cache variables. ##
## ---------------- ##

ac_cv_c_compiler_gnu=yes
ac_cv_env_CC_set=set
ac_cv_env_CC_value=/usr/bin/gcc
ac_cv_env_CFLAGS_set=set
ac_cv_env_CFLAGS_value='-I/usr/X11R6/include -L/usr/X11R6/lib -lX11 -fpermissive'
ac_cv_env_CPPFLAGS_set=
ac_cv_env_CPPFLAGS_value=
ac_cv_env_CPP_set=
ac_cv_env_CPP_value=
ac_cv_env_LDFLAGS_set=
ac_cv_env_LDFLAGS_value=
ac_cv_env_build_alias_set=
ac_cv_env_build_alias_value=
ac_cv_env_host_alias_set=
ac_cv_env_host_alias_value=
ac_cv_env_target_alias_set=
ac_cv_env_target_alias_value=
ac_cv_exeext=
ac_cv_func_malloc_0_nonnull=yes
ac_cv_func_strchr=yes
ac_cv_func_strdup=yes
ac_cv_func_strrchr=yes
ac_cv_func_strstr=yes
ac_cv_func_strtol=yes
ac_cv_header_inttypes_h=yes
ac_cv_header_locale_h=yes
ac_cv_header_malloc_h=no
ac_cv_header_memory_h=yes
ac_cv_header_stdc=yes
ac_cv_header_stdint_h=yes
ac_cv_header_stdlib_h=yes
ac_cv_header_string_h=yes
ac_cv_header_strings_h=yes
ac_cv_header_sys_stat_h=yes
ac_cv_header_sys_types_h=yes
ac_cv_header_unistd_h=yes
ac_cv_objext=o
ac_cv_path_install='/usr/bin/install -c'
ac_cv_prog_AWK=awk
ac_cv_prog_CPP='/usr/bin/gcc -E'
ac_cv_prog_ac_ct_CC=/usr/bin/gcc
ac_cv_prog_ac_ct_RANLIB=ranlib
ac_cv_prog_cc_g=yes
ac_cv_prog_cc_stdc=
ac_cv_prog_egrep='grep -E'
ac_cv_prog_make_make_set=yes
am_cv_CC_dependencies_compiler_type=gcc3
am_cv_langinfo_codeset=yes

## ----------------- ##
## Output variables. ##
## ----------------- ##

ACLOCAL='${SHELL} /Users/Jacob/Documents/Repositories/TwitterLeadGen/WordNet-3.0/missing --run aclocal-1.9'
AMDEPBACKSLASH='\'
AMDEP_FALSE='#'
AMDEP_TRUE=''
AMTAR='${SHELL} /Users/Jacob/Documents/Repositories/TwitterLeadGen/WordNet-3.0/missing --run tar'
AUTOCONF='${SHELL} /Users/Jacob/Documents/Repositories/TwitterLeadGen/WordNet-3.0/missing --run autoconf'
AUTOHEADER='${SHELL} /Users/Jacob/Documents/Repositories/TwitterLeadGen/WordNet-3.0/missing --run autoheader'
AUTOMAKE='${SHELL} /Users/Jacob/Documents/Repositories/TwitterLeadGen/WordNet-3.0/missing --run automake-1.9'
AWK='awk'
CC='/usr/bin/gcc'
CCDEPMODE='depmode=gcc3'
CFLAGS='-I/usr/X11R6/include -L/usr/X11R6/lib -lX11 -fpermissive'
CPP='/usr/bin/gcc -E'
CPPFLAGS=''
CYGPATH_W='echo'
DEFS=''
DEPDIR='.deps'
ECHO_C='ECHO_N=''
ECHO_T=''
EGREP='grep -E'
EXEEXT=''
INSTALL_DATA='${INSTALL} -m 644'
INSTALL_PROGRAM='${INSTALL}'
INSTALL_SCRIPT='${INSTALL}'
INSTALL_STRIP_PROGRAM='${SHELL} $(install_sh) -c -s'
LDFLAGS=''
LIBOBJS=''
LIBS=''
LTLIBOBJS=''
MAKEINFO='${SHELL} /Users/Jacob/Documents/Repositories/TwitterLeadGen/WordNet-3.0/missing --run makeinfo'
OBJEXT='o'
PACKAGE='WordNet'
PACKAGE_BUGREPORT='wordnet@princeton.edu'
PACKAGE_NAME='WordNet'
PACKAGE_STRING='WordNet 3.0'
PACKAGE_TARNAME='wordnet'
PACKAGE_VERSION='3.0'
PATH_SEPARATOR=':'
RANLIB='ranlib'
SET_MAKE=''
SHELL='/bin/sh'
STRIP=''
TCL_INCLUDE_SPEC=''
TCL_LIB_SPEC=''
TK_LIBS=''
TK_LIB_SPEC=''
TK_PREFIX=''
TK_XINCLUDES=''
VERSION='3.0'
ac_ct_CC='/usr/bin/gcc'
ac_ct_RANLIB='ranlib'
ac_ct_STRIP=''
ac_prefix=''
am__fastdepCC_FALSE='#'
am__fastdepCC_TRUE=''
am__include='include'
am__leading_dot='.'
am__quote=''
am__tar='${AMTAR} chof - "$$tardir"'
am__untar='${AMTAR} xf -'
bindir='${exec_prefix}/bin'
build_alias=''
datadir='${prefix}/share'
exec_prefix='NONE'
host_alias=''
includedir='${prefix}/include'
infodir='${prefix}/info'
install_sh='/Users/Jacob/Documents/Repositories/TwitterLeadGen/WordNet-3.0/install-sh'
libdir='${exec_prefix}/lib'
libexecdir='${exec_prefix}/libexec'
localstatedir='${prefix}/var'
mandir='${prefix}/man'
mkdir_p='$(install_sh) -d'
oldincludedir='/usr/include'
prefix='NONE'
program_transform_name='s,x,x,'
sbindir='${exec_prefix}/sbin'
sharedstatedir='${prefix}/com'
sysconfdir='${prefix}/etc'
target_alias=''

## ----------- ##
## confdefs.h. ##
## ----------- ##

#define HAVE_INTTYPES_H 1
#define HAVE_LANGINFO_CODESET 1
#define HAVE_LOCALE_H 1
#define HAVE_MALLOC 1
#define HAVE_MEMORY_H 1
#define HAVE_STDINT_H 1
#define HAVE_STDLIB_H 1
#define HAVE_STDLIB_H 1
#define HAVE_STDLIB_H 1
#define HAVE_STRCHR 1
#define HAVE_STRDUP 1
#define HAVE_STRINGS_H 1
#define HAVE_STRING_H 1
#define HAVE_STRING_H 1
#define HAVE_STRRCHR 1
#define HAVE_STRSTR 1
#define HAVE_STRTOL 1
#define HAVE_SYS_STAT_H 1
#define HAVE_SYS_TYPES_H 1
#define HAVE_UNISTD_H 1
#define PACKAGE "WordNet"
#define PACKAGE_BUGREPORT "wordnet@princeton.edu"
#define PACKAGE_NAME "WordNet"
#define PACKAGE_STRING "WordNet 3.0"
#define PACKAGE_TARNAME "wordnet"
#define PACKAGE_VERSION "3.0"
#define STDC_HEADERS 1
#define VERSION "3.0"

configure: exit 0
